<?xml version="1.0" encoding="UTF-8"?>
<!-- Generated by org.testng.reporters.JUnitReportReporter -->
<testsuite skipped="0" hostname="DESKTOP-D6P93GQ" name="com.training.tests.LoginTest" tests="1" failures="0" timestamp="2023-02-20T22:47:57 PST" time="6.803" errors="0">
  <testcase name="Forgot_Password_4_B" time="6.803" classname="com.training.tests.LoginTest"/>
  <system-out/>
</testsuite> <!-- com.training.tests.LoginTest -->
