<?xml version="1.0" encoding="UTF-8"?>
<!-- Generated by org.testng.reporters.JUnitReportReporter -->
<testsuite skipped="0" hostname="DESKTOP-D6P93GQ" name="com.training.annotations.FirstClass" tests="2" failures="0" timestamp="2023-02-13T20:26:10 PST" time="0.016" errors="0">
  <testcase name="test1" time="0.012" classname="com.training.annotations.FirstClass"/>
  <system-out/>
  <testcase name="test2" time="0.004" classname="com.training.annotations.FirstClass"/>
  <system-out/>
</testsuite> <!-- com.training.annotations.FirstClass -->
